<?xml version="1.0" encoding="utf-8"?><testsuites><testsuite name="pytest" errors="0" failures="0" skipped="0" tests="34" time="5.062" timestamp="2026-09-06T11:00:52.562187" hostname="linux5"><testcase classname="phase1.tests.test_frozen_candidate_requests" name="test_all_requests_frozen_before_client_or_execution_feedback" time="0.002" /><testcase classname="phase1.tests.test_frozen_candidate_requests" name="test_live_config_and_python_rng_unchanged" time="0.002" /><testcase classname="phase1.tests.test_frozen_candidate_requests" name="test_prepare_failure_restores_rng_and_makes_no_batch" time="0.001" /><testcase classname="phase1.tests.test_frozen_candidate_requests" name="test_network_or_durable_sink_failure_is_not_retried" time="0.001" /><testcase classname="phase1.tests.test_frozen_candidate_requests" name="test_copies_preserve_parent_journal_relationships" time="0.001" /><testcase classname="phase1.tests.test_frozen_candidate_requests" name="test_credentials_routing_and_nan_forbidden[bad0]" time="0.001" /><testcase classname="phase1.tests.test_frozen_candidate_requests" name="test_credentials_routing_and_nan_forbidden[bad1]" time="0.001" /><testcase classname="phase1.tests.test_frozen_candidate_requests" name="test_credentials_routing_and_nan_forbidden[bad2]" time="0.001" /><testcase classname="phase1.tests.test_frozen_candidate_requests" name="test_shareable_receipts_do_not_contain_prompt_or_response" time="0.001" /><testcase classname="phase1.tests.test_frozen_candidate_requests" name="test_invalid_later_slot_fails_before_any_client_call" time="0.001" /><testcase classname="phase1.tests.test_frozen_candidate_requests" name="test_unreviewed_or_multi_generation_options_fail[kwargs0]" time="0.001" /><testcase classname="phase1.tests.test_frozen_candidate_requests" name="test_unreviewed_or_multi_generation_options_fail[kwargs1]" time="0.001" /><testcase classname="phase1.tests.test_frozen_candidate_requests" name="test_unreviewed_or_multi_generation_options_fail[kwargs2]" time="0.001" /><testcase classname="phase1.tests.test_frozen_candidate_requests" name="test_unreviewed_or_multi_generation_options_fail[kwargs3]" time="0.001" /><testcase classname="phase1.tests.test_frozen_candidate_requests" name="test_unreviewed_or_multi_generation_options_fail[kwargs4]" time="0.001" /><testcase classname="phase1.tests.test_frozen_candidate_requests" name="test_decoding_options_have_explicit_types_and_ranges[kwargs0]" time="0.001" /><testcase classname="phase1.tests.test_frozen_candidate_requests" name="test_decoding_options_have_explicit_types_and_ranges[kwargs1]" time="0.001" /><testcase classname="phase1.tests.test_frozen_candidate_requests" name="test_decoding_options_have_explicit_types_and_ranges[kwargs2]" time="0.001" /><testcase classname="phase1.tests.test_frozen_candidate_requests" name="test_decoding_options_have_explicit_types_and_ranges[kwargs3]" time="0.001" /><testcase classname="phase1.tests.test_frozen_candidate_requests" name="test_decoding_options_have_explicit_types_and_ranges[kwargs4]" time="0.001" /><testcase classname="phase1.tests.test_frozen_candidate_requests" name="test_decoding_options_have_explicit_types_and_ranges[kwargs5]" time="0.001" /><testcase classname="phase1.tests.test_frozen_candidate_requests" name="test_decoding_options_have_explicit_types_and_ranges[kwargs6]" time="0.001" /><testcase classname="phase1.tests.test_frozen_candidate_requests" name="test_decoding_options_have_explicit_types_and_ranges[kwargs7]" time="0.001" /><testcase classname="phase1.tests.test_frozen_candidate_requests" name="test_decoding_options_have_explicit_types_and_ranges[kwargs8]" time="0.001" /><testcase classname="phase1.tests.test_frozen_candidate_requests" name="test_decoding_options_have_explicit_types_and_ranges[kwargs9]" time="0.001" /><testcase classname="phase1.tests.test_frozen_candidate_requests" name="test_decoding_options_have_explicit_types_and_ranges[kwargs10]" time="0.001" /><testcase classname="phase1.tests.test_frozen_candidate_requests" name="test_decoding_options_have_explicit_types_and_ranges[kwargs11]" time="0.001" /><testcase classname="phase1.tests.test_frozen_candidate_requests" name="test_invalid_binding_seed_and_sink_rejected_before_events" time="0.001" /><testcase classname="phase1.tests.test_frozen_candidate_requests" name="test_concurrent_dispatch_does_not_duplicate_the_batch" time="0.004" /><testcase classname="phase1.tests.test_frozen_improve_operator_bridge" name="test_existing_operator_requests_match_frozen_reference_per_slot" time="0.240" /><testcase classname="phase1.tests.test_frozen_improve_operator_bridge" name="test_real_operator_no_cross_slot_feedback_and_all_render_before_query" time="0.134" /><testcase classname="phase1.tests.test_frozen_native_template_bridge" name="test_native_template_and_generic_llm_wire_match[simple]" time="4.473" /><testcase classname="phase1.tests.test_frozen_native_template_bridge" name="test_native_template_and_generic_llm_wire_match[normal]" time="0.043" /><testcase classname="phase1.tests.test_frozen_native_template_bridge" name="test_native_template_and_generic_llm_wire_match[complex]" time="0.040" /></testsuite></testsuites>